******************************** Services 1.0.0.0 ********************************
10-24-2017 11:24:41
System.InvalidOperationException: Service test was not found on computer '20-0003'. ---> System.ComponentModel.Win32Exception: The specified service does not exist as an installed service
   --- End of inner exception stack trace ---
   at System.ServiceProcess.ServiceController.GenerateNames()
   at System.ServiceProcess.ServiceController.get_ServiceName()
   at System.ServiceProcess.ServiceController.GenerateStatus()
   at System.ServiceProcess.ServiceController.get_Status()
   at LoadDropDown.Services._Check(String Service_Name, String ComputerName) in D:\Libraries\Documents\GitHub\Services\LoadDropDown\LoadDropDown\Classes\Services.vb:line 41Line:   at System.ServiceProcess.ServiceController.GenerateNames()
   at System.ServiceProcess.ServiceController.get_ServiceName()
   at System.ServiceProcess.ServiceController.GenerateStatus()
   at System.ServiceProcess.ServiceController.get_Status()
   at LoadDropDown.Services._Check(String Service_Name, String ComputerName) in D:\Libraries\Documents\GitHub\Services\LoadDropDown\LoadDropDown\Classes\Services.vb:line 41

******************************** Services 1.0.0.0 ********************************
10-24-2017 11:24:41
System.InvalidOperationException: Service test was not found on computer '20-0003'. ---> System.ComponentModel.Win32Exception: The specified service does not exist as an installed service
   --- End of inner exception stack trace ---
   at System.ServiceProcess.ServiceController.GenerateNames()
   at System.ServiceProcess.ServiceController.get_ServiceName()
   at System.ServiceProcess.ServiceController.GenerateStatus()
   at System.ServiceProcess.ServiceController.get_Status()
   at LoadDropDown.Services._Check(String Service_Name, String ComputerName) in D:\Libraries\Documents\GitHub\Services\LoadDropDown\LoadDropDown\Classes\Services.vb:line 41Line:   at System.ServiceProcess.ServiceController.GenerateNames()
   at System.ServiceProcess.ServiceController.get_ServiceName()
   at System.ServiceProcess.ServiceController.GenerateStatus()
   at System.ServiceProcess.ServiceController.get_Status()
   at LoadDropDown.Services._Check(String Service_Name, String ComputerName) in D:\Libraries\Documents\GitHub\Services\LoadDropDown\LoadDropDown\Classes\Services.vb:line 41

******************************** Services 1.0.0.0 ********************************
10-24-2017 11:24:42
System.InvalidOperationException: Service test was not found on computer '20-0003'. ---> System.ComponentModel.Win32Exception: The specified service does not exist as an installed service
   --- End of inner exception stack trace ---
   at System.ServiceProcess.ServiceController.GenerateNames()
   at System.ServiceProcess.ServiceController.get_ServiceName()
   at System.ServiceProcess.ServiceController.GenerateStatus()
   at System.ServiceProcess.ServiceController.get_Status()
   at LoadDropDown.Services._Check(String Service_Name, String ComputerName) in D:\Libraries\Documents\GitHub\Services\LoadDropDown\LoadDropDown\Classes\Services.vb:line 41Line:   at System.ServiceProcess.ServiceController.GenerateNames()
   at System.ServiceProcess.ServiceController.get_ServiceName()
   at System.ServiceProcess.ServiceController.GenerateStatus()
   at System.ServiceProcess.ServiceController.get_Status()
   at LoadDropDown.Services._Check(String Service_Name, String ComputerName) in D:\Libraries\Documents\GitHub\Services\LoadDropDown\LoadDropDown\Classes\Services.vb:line 41

******************************** Services 1.0.0.0 ********************************
10-24-2017 11:24:43
System.InvalidOperationException: Service test was not found on computer '20-0003'. ---> System.ComponentModel.Win32Exception: The specified service does not exist as an installed service
   --- End of inner exception stack trace ---
   at System.ServiceProcess.ServiceController.GenerateNames()
   at System.ServiceProcess.ServiceController.get_ServiceName()
   at System.ServiceProcess.ServiceController.GenerateStatus()
   at System.ServiceProcess.ServiceController.get_Status()
   at LoadDropDown.Services._Check(String Service_Name, String ComputerName) in D:\Libraries\Documents\GitHub\Services\LoadDropDown\LoadDropDown\Classes\Services.vb:line 41Line:   at System.ServiceProcess.ServiceController.GenerateNames()
   at System.ServiceProcess.ServiceController.get_ServiceName()
   at System.ServiceProcess.ServiceController.GenerateStatus()
   at System.ServiceProcess.ServiceController.get_Status()
   at LoadDropDown.Services._Check(String Service_Name, String ComputerName) in D:\Libraries\Documents\GitHub\Services\LoadDropDown\LoadDropDown\Classes\Services.vb:line 41

******************************** Services 1.0.0.0 ********************************
10-24-2017 11:24:44
System.InvalidOperationException: Service test was not found on computer '20-0003'. ---> System.ComponentModel.Win32Exception: The specified service does not exist as an installed service
   --- End of inner exception stack trace ---
   at System.ServiceProcess.ServiceController.GenerateNames()
   at System.ServiceProcess.ServiceController.get_ServiceName()
   at System.ServiceProcess.ServiceController.GenerateStatus()
   at System.ServiceProcess.ServiceController.get_Status()
   at LoadDropDown.Services._Check(String Service_Name, String ComputerName) in D:\Libraries\Documents\GitHub\Services\LoadDropDown\LoadDropDown\Classes\Services.vb:line 41Line:   at System.ServiceProcess.ServiceController.GenerateNames()
   at System.ServiceProcess.ServiceController.get_ServiceName()
   at System.ServiceProcess.ServiceController.GenerateStatus()
   at System.ServiceProcess.ServiceController.get_Status()
   at LoadDropDown.Services._Check(String Service_Name, String ComputerName) in D:\Libraries\Documents\GitHub\Services\LoadDropDown\LoadDropDown\Classes\Services.vb:line 41

******************************** Services 1.0.0.0 ********************************
10-24-2017 11:24:45
System.InvalidOperationException: Service test was not found on computer '20-0003'. ---> System.ComponentModel.Win32Exception: The specified service does not exist as an installed service
   --- End of inner exception stack trace ---
   at System.ServiceProcess.ServiceController.GenerateNames()
   at System.ServiceProcess.ServiceController.get_ServiceName()
   at System.ServiceProcess.ServiceController.GenerateStatus()
   at System.ServiceProcess.ServiceController.get_Status()
   at LoadDropDown.Services._Check(String Service_Name, String ComputerName) in D:\Libraries\Documents\GitHub\Services\LoadDropDown\LoadDropDown\Classes\Services.vb:line 41Line:   at System.ServiceProcess.ServiceController.GenerateNames()
   at System.ServiceProcess.ServiceController.get_ServiceName()
   at System.ServiceProcess.ServiceController.GenerateStatus()
   at System.ServiceProcess.ServiceController.get_Status()
   at LoadDropDown.Services._Check(String Service_Name, String ComputerName) in D:\Libraries\Documents\GitHub\Services\LoadDropDown\LoadDropDown\Classes\Services.vb:line 41

******************************** Services 1.0.0.0 ********************************
10-24-2017 11:24:46
System.InvalidOperationException: Service test was not found on computer '20-0003'. ---> System.ComponentModel.Win32Exception: The specified service does not exist as an installed service
   --- End of inner exception stack trace ---
   at System.ServiceProcess.ServiceController.GenerateNames()
   at System.ServiceProcess.ServiceController.get_ServiceName()
   at System.ServiceProcess.ServiceController.GenerateStatus()
   at System.ServiceProcess.ServiceController.get_Status()
   at LoadDropDown.Services._Check(String Service_Name, String ComputerName) in D:\Libraries\Documents\GitHub\Services\LoadDropDown\LoadDropDown\Classes\Services.vb:line 41Line:   at System.ServiceProcess.ServiceController.GenerateNames()
   at System.ServiceProcess.ServiceController.get_ServiceName()
   at System.ServiceProcess.ServiceController.GenerateStatus()
   at System.ServiceProcess.ServiceController.get_Status()
   at LoadDropDown.Services._Check(String Service_Name, String ComputerName) in D:\Libraries\Documents\GitHub\Services\LoadDropDown\LoadDropDown\Classes\Services.vb:line 41

******************************** Services 1.0.0.0 ********************************
10-24-2017 11:26:24
System.InvalidOperationException: Service test2 was not found on computer '20-0003'. ---> System.ComponentModel.Win32Exception: The specified service does not exist as an installed service
   --- End of inner exception stack trace ---
   at System.ServiceProcess.ServiceController.GenerateNames()
   at System.ServiceProcess.ServiceController.get_ServiceName()
   at System.ServiceProcess.ServiceController.GenerateStatus()
   at System.ServiceProcess.ServiceController.get_Status()
   at LoadDropDown.Services._Check(String Service_Name, String ComputerName) in D:\Libraries\Documents\GitHub\Services\LoadDropDown\LoadDropDown\Classes\Services.vb:line 41Line:   at System.ServiceProcess.ServiceController.GenerateNames()
   at System.ServiceProcess.ServiceController.get_ServiceName()
   at System.ServiceProcess.ServiceController.GenerateStatus()
   at System.ServiceProcess.ServiceController.get_Status()
   at LoadDropDown.Services._Check(String Service_Name, String ComputerName) in D:\Libraries\Documents\GitHub\Services\LoadDropDown\LoadDropDown\Classes\Services.vb:line 41

******************************** Services 1.0.0.0 ********************************
10-24-2017 11:26:25
System.InvalidOperationException: Service test3 was not found on computer '20-0003'. ---> System.ComponentModel.Win32Exception: The specified service does not exist as an installed service
   --- End of inner exception stack trace ---
   at System.ServiceProcess.ServiceController.GenerateNames()
   at System.ServiceProcess.ServiceController.get_ServiceName()
   at System.ServiceProcess.ServiceController.GenerateStatus()
   at System.ServiceProcess.ServiceController.get_Status()
   at LoadDropDown.Services._Check(String Service_Name, String ComputerName) in D:\Libraries\Documents\GitHub\Services\LoadDropDown\LoadDropDown\Classes\Services.vb:line 41Line:   at System.ServiceProcess.ServiceController.GenerateNames()
   at System.ServiceProcess.ServiceController.get_ServiceName()
   at System.ServiceProcess.ServiceController.GenerateStatus()
   at System.ServiceProcess.ServiceController.get_Status()
   at LoadDropDown.Services._Check(String Service_Name, String ComputerName) in D:\Libraries\Documents\GitHub\Services\LoadDropDown\LoadDropDown\Classes\Services.vb:line 41

******************************** Services 1.0.0.0 ********************************
10-24-2017 11:26:25
System.InvalidOperationException: Service test2 was not found on computer '20-0003'. ---> System.ComponentModel.Win32Exception: The specified service does not exist as an installed service
   --- End of inner exception stack trace ---
   at System.ServiceProcess.ServiceController.GenerateNames()
   at System.ServiceProcess.ServiceController.get_ServiceName()
   at System.ServiceProcess.ServiceController.GenerateStatus()
   at System.ServiceProcess.ServiceController.get_Status()
   at LoadDropDown.Services._Check(String Service_Name, String ComputerName) in D:\Libraries\Documents\GitHub\Services\LoadDropDown\LoadDropDown\Classes\Services.vb:line 41Line:   at System.ServiceProcess.ServiceController.GenerateNames()
   at System.ServiceProcess.ServiceController.get_ServiceName()
   at System.ServiceProcess.ServiceController.GenerateStatus()
   at System.ServiceProcess.ServiceController.get_Status()
   at LoadDropDown.Services._Check(String Service_Name, String ComputerName) in D:\Libraries\Documents\GitHub\Services\LoadDropDown\LoadDropDown\Classes\Services.vb:line 41

******************************** Services 1.0.0.0 ********************************
10-24-2017 11:26:28
System.InvalidOperationException: Service test2 was not found on computer '20-0003'. ---> System.ComponentModel.Win32Exception: The specified service does not exist as an installed service
   --- End of inner exception stack trace ---
   at System.ServiceProcess.ServiceController.GenerateNames()
   at System.ServiceProcess.ServiceController.get_ServiceName()
   at System.ServiceProcess.ServiceController.GenerateStatus()
   at System.ServiceProcess.ServiceController.get_Status()
   at LoadDropDown.Services._Check(String Service_Name, String ComputerName) in D:\Libraries\Documents\GitHub\Services\LoadDropDown\LoadDropDown\Classes\Services.vb:line 41Line:   at System.ServiceProcess.ServiceController.GenerateNames()
   at System.ServiceProcess.ServiceController.get_ServiceName()
   at System.ServiceProcess.ServiceController.GenerateStatus()
   at System.ServiceProcess.ServiceController.get_Status()
   at LoadDropDown.Services._Check(String Service_Name, String ComputerName) in D:\Libraries\Documents\GitHub\Services\LoadDropDown\LoadDropDown\Classes\Services.vb:line 41

******************************** Services 1.0.0.0 ********************************
10-24-2017 11:26:28
System.InvalidOperationException: Service test3 was not found on computer '20-0003'. ---> System.ComponentModel.Win32Exception: The specified service does not exist as an installed service
   --- End of inner exception stack trace ---
   at System.ServiceProcess.ServiceController.GenerateNames()
   at System.ServiceProcess.ServiceController.get_ServiceName()
   at System.ServiceProcess.ServiceController.GenerateStatus()
   at System.ServiceProcess.ServiceController.get_Status()
   at LoadDropDown.Services._Check(String Service_Name, String ComputerName) in D:\Libraries\Documents\GitHub\Services\LoadDropDown\LoadDropDown\Classes\Services.vb:line 41Line:   at System.ServiceProcess.ServiceController.GenerateNames()
   at System.ServiceProcess.ServiceController.get_ServiceName()
   at System.ServiceProcess.ServiceController.GenerateStatus()
   at System.ServiceProcess.ServiceController.get_Status()
   at LoadDropDown.Services._Check(String Service_Name, String ComputerName) in D:\Libraries\Documents\GitHub\Services\LoadDropDown\LoadDropDown\Classes\Services.vb:line 41

******************************** Services 1.0.0.0 ********************************
10-24-2017 11:26:29
System.InvalidOperationException: Service test2 was not found on computer '20-0003'. ---> System.ComponentModel.Win32Exception: The specified service does not exist as an installed service
   --- End of inner exception stack trace ---
   at System.ServiceProcess.ServiceController.GenerateNames()
   at System.ServiceProcess.ServiceController.get_ServiceName()
   at System.ServiceProcess.ServiceController.GenerateStatus()
   at System.ServiceProcess.ServiceController.get_Status()
   at LoadDropDown.Services._Check(String Service_Name, String ComputerName) in D:\Libraries\Documents\GitHub\Services\LoadDropDown\LoadDropDown\Classes\Services.vb:line 41Line:   at System.ServiceProcess.ServiceController.GenerateNames()
   at System.ServiceProcess.ServiceController.get_ServiceName()
   at System.ServiceProcess.ServiceController.GenerateStatus()
   at System.ServiceProcess.ServiceController.get_Status()
   at LoadDropDown.Services._Check(String Service_Name, String ComputerName) in D:\Libraries\Documents\GitHub\Services\LoadDropDown\LoadDropDown\Classes\Services.vb:line 41

******************************** Services 1.0.0.0 ********************************
10-24-2017 11:26:29
System.InvalidOperationException: Service test was not found on computer '20-0003'. ---> System.ComponentModel.Win32Exception: The specified service does not exist as an installed service
   --- End of inner exception stack trace ---
   at System.ServiceProcess.ServiceController.GenerateNames()
   at System.ServiceProcess.ServiceController.get_ServiceName()
   at System.ServiceProcess.ServiceController.GenerateStatus()
   at System.ServiceProcess.ServiceController.get_Status()
   at LoadDropDown.Services._Check(String Service_Name, String ComputerName) in D:\Libraries\Documents\GitHub\Services\LoadDropDown\LoadDropDown\Classes\Services.vb:line 41Line:   at System.ServiceProcess.ServiceController.GenerateNames()
   at System.ServiceProcess.ServiceController.get_ServiceName()
   at System.ServiceProcess.ServiceController.GenerateStatus()
   at System.ServiceProcess.ServiceController.get_Status()
   at LoadDropDown.Services._Check(String Service_Name, String ComputerName) in D:\Libraries\Documents\GitHub\Services\LoadDropDown\LoadDropDown\Classes\Services.vb:line 41

******************************** Services 1.0.0.0 ********************************
10-24-2017 13:46:48
System.InvalidOperationException: Cannot open irmon service on computer '20-0003'. ---> System.ComponentModel.Win32Exception: Access is denied
   --- End of inner exception stack trace ---
   at System.ServiceProcess.ServiceController.GetServiceHandle(Int32 desiredAccess)
   at System.ServiceProcess.ServiceController.Stop()
   at LoadDropDown.Services._Stop(String Service_Name, String ComputerName) in D:\Libraries\Documents\GitHub\Services\LoadDropDown\LoadDropDown\Classes\Services.vb:line 27Line:   at System.ServiceProcess.ServiceController.GetServiceHandle(Int32 desiredAccess)
   at System.ServiceProcess.ServiceController.Stop()
   at LoadDropDown.Services._Stop(String Service_Name, String ComputerName) in D:\Libraries\Documents\GitHub\Services\LoadDropDown\LoadDropDown\Classes\Services.vb:line 27

******************************** Services 1.0.0.0 ********************************
10-24-2017 13:55:10
System.InvalidOperationException: Service test was not found on computer '20-0003'. ---> System.ComponentModel.Win32Exception: The specified service does not exist as an installed service
   --- End of inner exception stack trace ---
   at System.ServiceProcess.ServiceController.GenerateNames()
   at System.ServiceProcess.ServiceController.get_ServiceName()
   at System.ServiceProcess.ServiceController.GenerateStatus()
   at System.ServiceProcess.ServiceController.get_Status()
   at LoadDropDown.Services._Check(String Service_Name, String ComputerName) in D:\Libraries\Documents\GitHub\Services\LoadDropDown\LoadDropDown\Classes\Services.vb:line 43Line:   at System.ServiceProcess.ServiceController.GenerateNames()
   at System.ServiceProcess.ServiceController.get_ServiceName()
   at System.ServiceProcess.ServiceController.GenerateStatus()
   at System.ServiceProcess.ServiceController.get_Status()
   at LoadDropDown.Services._Check(String Service_Name, String ComputerName) in D:\Libraries\Documents\GitHub\Services\LoadDropDown\LoadDropDown\Classes\Services.vb:line 43

******************************** Services 1.0.0.0 ********************************
10-24-2017 13:55:13
System.InvalidOperationException: Service test3 was not found on computer '20-0003'. ---> System.ComponentModel.Win32Exception: The specified service does not exist as an installed service
   --- End of inner exception stack trace ---
   at System.ServiceProcess.ServiceController.GenerateNames()
   at System.ServiceProcess.ServiceController.get_ServiceName()
   at System.ServiceProcess.ServiceController.GenerateStatus()
   at System.ServiceProcess.ServiceController.get_Status()
   at LoadDropDown.Services._Check(String Service_Name, String ComputerName) in D:\Libraries\Documents\GitHub\Services\LoadDropDown\LoadDropDown\Classes\Services.vb:line 43Line:   at System.ServiceProcess.ServiceController.GenerateNames()
   at System.ServiceProcess.ServiceController.get_ServiceName()
   at System.ServiceProcess.ServiceController.GenerateStatus()
   at System.ServiceProcess.ServiceController.get_Status()
   at LoadDropDown.Services._Check(String Service_Name, String ComputerName) in D:\Libraries\Documents\GitHub\Services\LoadDropDown\LoadDropDown\Classes\Services.vb:line 43

******************************** Services 1.0.0.0 ********************************
10-24-2017 13:55:13
System.InvalidOperationException: Service test2 was not found on computer '20-0003'. ---> System.ComponentModel.Win32Exception: The specified service does not exist as an installed service
   --- End of inner exception stack trace ---
   at System.ServiceProcess.ServiceController.GenerateNames()
   at System.ServiceProcess.ServiceController.get_ServiceName()
   at System.ServiceProcess.ServiceController.GenerateStatus()
   at System.ServiceProcess.ServiceController.get_Status()
   at LoadDropDown.Services._Check(String Service_Name, String ComputerName) in D:\Libraries\Documents\GitHub\Services\LoadDropDown\LoadDropDown\Classes\Services.vb:line 43Line:   at System.ServiceProcess.ServiceController.GenerateNames()
   at System.ServiceProcess.ServiceController.get_ServiceName()
   at System.ServiceProcess.ServiceController.GenerateStatus()
   at System.ServiceProcess.ServiceController.get_Status()
   at LoadDropDown.Services._Check(String Service_Name, String ComputerName) in D:\Libraries\Documents\GitHub\Services\LoadDropDown\LoadDropDown\Classes\Services.vb:line 43

******************************** Services 1.0.0.0 ********************************
10-24-2017 13:55:14
System.InvalidOperationException: Service test was not found on computer '20-0003'. ---> System.ComponentModel.Win32Exception: The specified service does not exist as an installed service
   --- End of inner exception stack trace ---
   at System.ServiceProcess.ServiceController.GenerateNames()
   at System.ServiceProcess.ServiceController.get_ServiceName()
   at System.ServiceProcess.ServiceController.GenerateStatus()
   at System.ServiceProcess.ServiceController.get_Status()
   at LoadDropDown.Services._Check(String Service_Name, String ComputerName) in D:\Libraries\Documents\GitHub\Services\LoadDropDown\LoadDropDown\Classes\Services.vb:line 43Line:   at System.ServiceProcess.ServiceController.GenerateNames()
   at System.ServiceProcess.ServiceController.get_ServiceName()
   at System.ServiceProcess.ServiceController.GenerateStatus()
   at System.ServiceProcess.ServiceController.get_Status()
   at LoadDropDown.Services._Check(String Service_Name, String ComputerName) in D:\Libraries\Documents\GitHub\Services\LoadDropDown\LoadDropDown\Classes\Services.vb:line 43

******************************** Services 1.0.0.0 ********************************
10-24-2017 13:55:16
System.InvalidOperationException: Service test was not found on computer '20-0003'. ---> System.ComponentModel.Win32Exception: The specified service does not exist as an installed service
   --- End of inner exception stack trace ---
   at System.ServiceProcess.ServiceController.GenerateNames()
   at System.ServiceProcess.ServiceController.get_ServiceName()
   at System.ServiceProcess.ServiceController.GenerateStatus()
   at System.ServiceProcess.ServiceController.get_Status()
   at LoadDropDown.Services._Check(String Service_Name, String ComputerName) in D:\Libraries\Documents\GitHub\Services\LoadDropDown\LoadDropDown\Classes\Services.vb:line 43Line:   at System.ServiceProcess.ServiceController.GenerateNames()
   at System.ServiceProcess.ServiceController.get_ServiceName()
   at System.ServiceProcess.ServiceController.GenerateStatus()
   at System.ServiceProcess.ServiceController.get_Status()
   at LoadDropDown.Services._Check(String Service_Name, String ComputerName) in D:\Libraries\Documents\GitHub\Services\LoadDropDown\LoadDropDown\Classes\Services.vb:line 43

******************************** Services 1.0.0.0 ********************************
10-24-2017 13:55:16
System.InvalidOperationException: Service test2 was not found on computer '20-0003'. ---> System.ComponentModel.Win32Exception: The specified service does not exist as an installed service
   --- End of inner exception stack trace ---
   at System.ServiceProcess.ServiceController.GenerateNames()
   at System.ServiceProcess.ServiceController.get_ServiceName()
   at System.ServiceProcess.ServiceController.GenerateStatus()
   at System.ServiceProcess.ServiceController.get_Status()
   at LoadDropDown.Services._Check(String Service_Name, String ComputerName) in D:\Libraries\Documents\GitHub\Services\LoadDropDown\LoadDropDown\Classes\Services.vb:line 43Line:   at System.ServiceProcess.ServiceController.GenerateNames()
   at System.ServiceProcess.ServiceController.get_ServiceName()
   at System.ServiceProcess.ServiceController.GenerateStatus()
   at System.ServiceProcess.ServiceController.get_Status()
   at LoadDropDown.Services._Check(String Service_Name, String ComputerName) in D:\Libraries\Documents\GitHub\Services\LoadDropDown\LoadDropDown\Classes\Services.vb:line 43

******************************** Services 1.0.0.0 ********************************
10-24-2017 13:55:16
System.InvalidOperationException: Service test3 was not found on computer '20-0003'. ---> System.ComponentModel.Win32Exception: The specified service does not exist as an installed service
   --- End of inner exception stack trace ---
   at System.ServiceProcess.ServiceController.GenerateNames()
   at System.ServiceProcess.ServiceController.get_ServiceName()
   at System.ServiceProcess.ServiceController.GenerateStatus()
   at System.ServiceProcess.ServiceController.get_Status()
   at LoadDropDown.Services._Check(String Service_Name, String ComputerName) in D:\Libraries\Documents\GitHub\Services\LoadDropDown\LoadDropDown\Classes\Services.vb:line 43Line:   at System.ServiceProcess.ServiceController.GenerateNames()
   at System.ServiceProcess.ServiceController.get_ServiceName()
   at System.ServiceProcess.ServiceController.GenerateStatus()
   at System.ServiceProcess.ServiceController.get_Status()
   at LoadDropDown.Services._Check(String Service_Name, String ComputerName) in D:\Libraries\Documents\GitHub\Services\LoadDropDown\LoadDropDown\Classes\Services.vb:line 43

******************************** Services 1.0.0.0 ********************************
10-24-2017 13:55:20
System.InvalidOperationException: Service test3 was not found on computer '20-0003'. ---> System.ComponentModel.Win32Exception: The specified service does not exist as an installed service
   --- End of inner exception stack trace ---
   at System.ServiceProcess.ServiceController.GenerateNames()
   at System.ServiceProcess.ServiceController.get_ServiceName()
   at System.ServiceProcess.ServiceController.GenerateStatus()
   at System.ServiceProcess.ServiceController.get_Status()
   at LoadDropDown.Services._Stop(String Service_Name, String ComputerName) in D:\Libraries\Documents\GitHub\Services\LoadDropDown\LoadDropDown\Classes\Services.vb:line 25Line:   at System.ServiceProcess.ServiceController.GenerateNames()
   at System.ServiceProcess.ServiceController.get_ServiceName()
   at System.ServiceProcess.ServiceController.GenerateStatus()
   at System.ServiceProcess.ServiceController.get_Status()
   at LoadDropDown.Services._Stop(String Service_Name, String ComputerName) in D:\Libraries\Documents\GitHub\Services\LoadDropDown\LoadDropDown\Classes\Services.vb:line 25

******************************** Services 1.0.0.0 ********************************
10-24-2017 13:55:21
System.InvalidOperationException: Service test3 was not found on computer '20-0003'. ---> System.ComponentModel.Win32Exception: The specified service does not exist as an installed service
   --- End of inner exception stack trace ---
   at System.ServiceProcess.ServiceController.GenerateNames()
   at System.ServiceProcess.ServiceController.get_ServiceName()
   at System.ServiceProcess.ServiceController.GenerateStatus()
   at System.ServiceProcess.ServiceController.get_Status()
   at LoadDropDown.Services._Check(String Service_Name, String ComputerName) in D:\Libraries\Documents\GitHub\Services\LoadDropDown\LoadDropDown\Classes\Services.vb:line 43Line:   at System.ServiceProcess.ServiceController.GenerateNames()
   at System.ServiceProcess.ServiceController.get_ServiceName()
   at System.ServiceProcess.ServiceController.GenerateStatus()
   at System.ServiceProcess.ServiceController.get_Status()
   at LoadDropDown.Services._Check(String Service_Name, String ComputerName) in D:\Libraries\Documents\GitHub\Services\LoadDropDown\LoadDropDown\Classes\Services.vb:line 43

******************************** Services 1.0.0.0 ********************************
10-24-2017 15:28:44
System.InvalidOperationException: Service test was not found on computer '20-0003'. ---> System.ComponentModel.Win32Exception: The specified service does not exist as an installed service
   --- End of inner exception stack trace ---
   at System.ServiceProcess.ServiceController.GenerateNames()
   at System.ServiceProcess.ServiceController.get_ServiceName()
   at System.ServiceProcess.ServiceController.GenerateStatus()
   at System.ServiceProcess.ServiceController.get_Status()
   at LoadDropDown.Services._Check(String Service_Name, String ComputerName) in D:\Libraries\Documents\GitHub\Services\LoadDropDown\LoadDropDown\Classes\Services.vb:line 44Line:   at System.ServiceProcess.ServiceController.GenerateNames()
   at System.ServiceProcess.ServiceController.get_ServiceName()
   at System.ServiceProcess.ServiceController.GenerateStatus()
   at System.ServiceProcess.ServiceController.get_Status()
   at LoadDropDown.Services._Check(String Service_Name, String ComputerName) in D:\Libraries\Documents\GitHub\Services\LoadDropDown\LoadDropDown\Classes\Services.vb:line 44

******************************** Services 1.0.0.0 ********************************
10-24-2017 15:28:45
System.InvalidOperationException: Service test2 was not found on computer '20-0003'. ---> System.ComponentModel.Win32Exception: The specified service does not exist as an installed service
   --- End of inner exception stack trace ---
   at System.ServiceProcess.ServiceController.GenerateNames()
   at System.ServiceProcess.ServiceController.get_ServiceName()
   at System.ServiceProcess.ServiceController.GenerateStatus()
   at System.ServiceProcess.ServiceController.get_Status()
   at LoadDropDown.Services._Check(String Service_Name, String ComputerName) in D:\Libraries\Documents\GitHub\Services\LoadDropDown\LoadDropDown\Classes\Services.vb:line 44Line:   at System.ServiceProcess.ServiceController.GenerateNames()
   at System.ServiceProcess.ServiceController.get_ServiceName()
   at System.ServiceProcess.ServiceController.GenerateStatus()
   at System.ServiceProcess.ServiceController.get_Status()
   at LoadDropDown.Services._Check(String Service_Name, String ComputerName) in D:\Libraries\Documents\GitHub\Services\LoadDropDown\LoadDropDown\Classes\Services.vb:line 44

******************************** Services 1.0.0.0 ********************************
10-24-2017 15:28:45
System.InvalidOperationException: Service test3 was not found on computer '20-0003'. ---> System.ComponentModel.Win32Exception: The specified service does not exist as an installed service
   --- End of inner exception stack trace ---
   at System.ServiceProcess.ServiceController.GenerateNames()
   at System.ServiceProcess.ServiceController.get_ServiceName()
   at System.ServiceProcess.ServiceController.GenerateStatus()
   at System.ServiceProcess.ServiceController.get_Status()
   at LoadDropDown.Services._Check(String Service_Name, String ComputerName) in D:\Libraries\Documents\GitHub\Services\LoadDropDown\LoadDropDown\Classes\Services.vb:line 44Line:   at System.ServiceProcess.ServiceController.GenerateNames()
   at System.ServiceProcess.ServiceController.get_ServiceName()
   at System.ServiceProcess.ServiceController.GenerateStatus()
   at System.ServiceProcess.ServiceController.get_Status()
   at LoadDropDown.Services._Check(String Service_Name, String ComputerName) in D:\Libraries\Documents\GitHub\Services\LoadDropDown\LoadDropDown\Classes\Services.vb:line 44

******************************** Services 1.0.0.0 ********************************
10-24-2017 15:28:46
System.InvalidOperationException: Service test2 was not found on computer '20-0003'. ---> System.ComponentModel.Win32Exception: The specified service does not exist as an installed service
   --- End of inner exception stack trace ---
   at System.ServiceProcess.ServiceController.GenerateNames()
   at System.ServiceProcess.ServiceController.get_ServiceName()
   at System.ServiceProcess.ServiceController.GenerateStatus()
   at System.ServiceProcess.ServiceController.get_Status()
   at LoadDropDown.Services._Check(String Service_Name, String ComputerName) in D:\Libraries\Documents\GitHub\Services\LoadDropDown\LoadDropDown\Classes\Services.vb:line 44Line:   at System.ServiceProcess.ServiceController.GenerateNames()
   at System.ServiceProcess.ServiceController.get_ServiceName()
   at System.ServiceProcess.ServiceController.GenerateStatus()
   at System.ServiceProcess.ServiceController.get_Status()
   at LoadDropDown.Services._Check(String Service_Name, String ComputerName) in D:\Libraries\Documents\GitHub\Services\LoadDropDown\LoadDropDown\Classes\Services.vb:line 44

******************************** Services 1.0.0.0 ********************************
10-24-2017 15:28:46
System.InvalidOperationException: Service test was not found on computer '20-0003'. ---> System.ComponentModel.Win32Exception: The specified service does not exist as an installed service
   --- End of inner exception stack trace ---
   at System.ServiceProcess.ServiceController.GenerateNames()
   at System.ServiceProcess.ServiceController.get_ServiceName()
   at System.ServiceProcess.ServiceController.GenerateStatus()
   at System.ServiceProcess.ServiceController.get_Status()
   at LoadDropDown.Services._Check(String Service_Name, String ComputerName) in D:\Libraries\Documents\GitHub\Services\LoadDropDown\LoadDropDown\Classes\Services.vb:line 44Line:   at System.ServiceProcess.ServiceController.GenerateNames()
   at System.ServiceProcess.ServiceController.get_ServiceName()
   at System.ServiceProcess.ServiceController.GenerateStatus()
   at System.ServiceProcess.ServiceController.get_Status()
   at LoadDropDown.Services._Check(String Service_Name, String ComputerName) in D:\Libraries\Documents\GitHub\Services\LoadDropDown\LoadDropDown\Classes\Services.vb:line 44

******************************** Services 1.0.0.0 ********************************
10-24-2017 16:01:49
System.InvalidOperationException: Service test was not found on computer '20-0003'. ---> System.ComponentModel.Win32Exception: The specified service does not exist as an installed service
   --- End of inner exception stack trace ---
   at System.ServiceProcess.ServiceController.GenerateNames()
   at System.ServiceProcess.ServiceController.get_ServiceName()
   at System.ServiceProcess.ServiceController.GenerateStatus()
   at System.ServiceProcess.ServiceController.get_Status()
   at LoadDropDown.Services._Check(String Service_Name, String ComputerName) in D:\Libraries\Documents\GitHub\Services\LoadDropDown\LoadDropDown\Classes\Services.vb:line 44Line:   at System.ServiceProcess.ServiceController.GenerateNames()
   at System.ServiceProcess.ServiceController.get_ServiceName()
   at System.ServiceProcess.ServiceController.GenerateStatus()
   at System.ServiceProcess.ServiceController.get_Status()
   at LoadDropDown.Services._Check(String Service_Name, String ComputerName) in D:\Libraries\Documents\GitHub\Services\LoadDropDown\LoadDropDown\Classes\Services.vb:line 44

******************************** Services 1.0.0.0 ********************************
10-24-2017 16:01:51
System.InvalidOperationException: Service test2 was not found on computer '20-0003'. ---> System.ComponentModel.Win32Exception: The specified service does not exist as an installed service
   --- End of inner exception stack trace ---
   at System.ServiceProcess.ServiceController.GenerateNames()
   at System.ServiceProcess.ServiceController.get_ServiceName()
   at System.ServiceProcess.ServiceController.GenerateStatus()
   at System.ServiceProcess.ServiceController.get_Status()
   at LoadDropDown.Services._Check(String Service_Name, String ComputerName) in D:\Libraries\Documents\GitHub\Services\LoadDropDown\LoadDropDown\Classes\Services.vb:line 44Line:   at System.ServiceProcess.ServiceController.GenerateNames()
   at System.ServiceProcess.ServiceController.get_ServiceName()
   at System.ServiceProcess.ServiceController.GenerateStatus()
   at System.ServiceProcess.ServiceController.get_Status()
   at LoadDropDown.Services._Check(String Service_Name, String ComputerName) in D:\Libraries\Documents\GitHub\Services\LoadDropDown\LoadDropDown\Classes\Services.vb:line 44

******************************** Services 1.0.0.0 ********************************
10-24-2017 16:01:51
System.InvalidOperationException: Service test3 was not found on computer '20-0003'. ---> System.ComponentModel.Win32Exception: The specified service does not exist as an installed service
   --- End of inner exception stack trace ---
   at System.ServiceProcess.ServiceController.GenerateNames()
   at System.ServiceProcess.ServiceController.get_ServiceName()
   at System.ServiceProcess.ServiceController.GenerateStatus()
   at System.ServiceProcess.ServiceController.get_Status()
   at LoadDropDown.Services._Check(String Service_Name, String ComputerName) in D:\Libraries\Documents\GitHub\Services\LoadDropDown\LoadDropDown\Classes\Services.vb:line 44Line:   at System.ServiceProcess.ServiceController.GenerateNames()
   at System.ServiceProcess.ServiceController.get_ServiceName()
   at System.ServiceProcess.ServiceController.GenerateStatus()
   at System.ServiceProcess.ServiceController.get_Status()
   at LoadDropDown.Services._Check(String Service_Name, String ComputerName) in D:\Libraries\Documents\GitHub\Services\LoadDropDown\LoadDropDown\Classes\Services.vb:line 44

******************************** Services 1.0.0.0 ********************************
10-24-2017 16:01:51
System.InvalidOperationException: Service test2 was not found on computer '20-0003'. ---> System.ComponentModel.Win32Exception: The specified service does not exist as an installed service
   --- End of inner exception stack trace ---
   at System.ServiceProcess.ServiceController.GenerateNames()
   at System.ServiceProcess.ServiceController.get_ServiceName()
   at System.ServiceProcess.ServiceController.GenerateStatus()
   at System.ServiceProcess.ServiceController.get_Status()
   at LoadDropDown.Services._Check(String Service_Name, String ComputerName) in D:\Libraries\Documents\GitHub\Services\LoadDropDown\LoadDropDown\Classes\Services.vb:line 44Line:   at System.ServiceProcess.ServiceController.GenerateNames()
   at System.ServiceProcess.ServiceController.get_ServiceName()
   at System.ServiceProcess.ServiceController.GenerateStatus()
   at System.ServiceProcess.ServiceController.get_Status()
   at LoadDropDown.Services._Check(String Service_Name, String ComputerName) in D:\Libraries\Documents\GitHub\Services\LoadDropDown\LoadDropDown\Classes\Services.vb:line 44

******************************** Services 1.0.0.0 ********************************
10-24-2017 16:01:52
System.InvalidOperationException: Service test was not found on computer '20-0003'. ---> System.ComponentModel.Win32Exception: The specified service does not exist as an installed service
   --- End of inner exception stack trace ---
   at System.ServiceProcess.ServiceController.GenerateNames()
   at System.ServiceProcess.ServiceController.get_ServiceName()
   at System.ServiceProcess.ServiceController.GenerateStatus()
   at System.ServiceProcess.ServiceController.get_Status()
   at LoadDropDown.Services._Check(String Service_Name, String ComputerName) in D:\Libraries\Documents\GitHub\Services\LoadDropDown\LoadDropDown\Classes\Services.vb:line 44Line:   at System.ServiceProcess.ServiceController.GenerateNames()
   at System.ServiceProcess.ServiceController.get_ServiceName()
   at System.ServiceProcess.ServiceController.GenerateStatus()
   at System.ServiceProcess.ServiceController.get_Status()
   at LoadDropDown.Services._Check(String Service_Name, String ComputerName) in D:\Libraries\Documents\GitHub\Services\LoadDropDown\LoadDropDown\Classes\Services.vb:line 44

******************************** Services 1.0.0.0 ********************************
10-24-2017 16:01:53
System.InvalidOperationException: Service test was not found on computer '20-0003'. ---> System.ComponentModel.Win32Exception: The specified service does not exist as an installed service
   --- End of inner exception stack trace ---
   at System.ServiceProcess.ServiceController.GenerateNames()
   at System.ServiceProcess.ServiceController.get_ServiceName()
   at System.ServiceProcess.ServiceController.GenerateStatus()
   at System.ServiceProcess.ServiceController.get_Status()
   at LoadDropDown.Services._Check(String Service_Name, String ComputerName) in D:\Libraries\Documents\GitHub\Services\LoadDropDown\LoadDropDown\Classes\Services.vb:line 44Line:   at System.ServiceProcess.ServiceController.GenerateNames()
   at System.ServiceProcess.ServiceController.get_ServiceName()
   at System.ServiceProcess.ServiceController.GenerateStatus()
   at System.ServiceProcess.ServiceController.get_Status()
   at LoadDropDown.Services._Check(String Service_Name, String ComputerName) in D:\Libraries\Documents\GitHub\Services\LoadDropDown\LoadDropDown\Classes\Services.vb:line 44

******************************** Services 1.0.0.0 ********************************
10-24-2017 16:01:54
System.InvalidOperationException: Service test2 was not found on computer '20-0003'. ---> System.ComponentModel.Win32Exception: The specified service does not exist as an installed service
   --- End of inner exception stack trace ---
   at System.ServiceProcess.ServiceController.GenerateNames()
   at System.ServiceProcess.ServiceController.get_ServiceName()
   at System.ServiceProcess.ServiceController.GenerateStatus()
   at System.ServiceProcess.ServiceController.get_Status()
   at LoadDropDown.Services._Check(String Service_Name, String ComputerName) in D:\Libraries\Documents\GitHub\Services\LoadDropDown\LoadDropDown\Classes\Services.vb:line 44Line:   at System.ServiceProcess.ServiceController.GenerateNames()
   at System.ServiceProcess.ServiceController.get_ServiceName()
   at System.ServiceProcess.ServiceController.GenerateStatus()
   at System.ServiceProcess.ServiceController.get_Status()
   at LoadDropDown.Services._Check(String Service_Name, String ComputerName) in D:\Libraries\Documents\GitHub\Services\LoadDropDown\LoadDropDown\Classes\Services.vb:line 44

******************************** Services 1.0.0.0 ********************************
10-24-2017 16:01:54
System.InvalidOperationException: Service test3 was not found on computer '20-0003'. ---> System.ComponentModel.Win32Exception: The specified service does not exist as an installed service
   --- End of inner exception stack trace ---
   at System.ServiceProcess.ServiceController.GenerateNames()
   at System.ServiceProcess.ServiceController.get_ServiceName()
   at System.ServiceProcess.ServiceController.GenerateStatus()
   at System.ServiceProcess.ServiceController.get_Status()
   at LoadDropDown.Services._Check(String Service_Name, String ComputerName) in D:\Libraries\Documents\GitHub\Services\LoadDropDown\LoadDropDown\Classes\Services.vb:line 44Line:   at System.ServiceProcess.ServiceController.GenerateNames()
   at System.ServiceProcess.ServiceController.get_ServiceName()
   at System.ServiceProcess.ServiceController.GenerateStatus()
   at System.ServiceProcess.ServiceController.get_Status()
   at LoadDropDown.Services._Check(String Service_Name, String ComputerName) in D:\Libraries\Documents\GitHub\Services\LoadDropDown\LoadDropDown\Classes\Services.vb:line 44

******************************** Services 1.0.0.0 ********************************
10-24-2017 16:01:55
System.InvalidOperationException: Service test2 was not found on computer '20-0003'. ---> System.ComponentModel.Win32Exception: The specified service does not exist as an installed service
   --- End of inner exception stack trace ---
   at System.ServiceProcess.ServiceController.GenerateNames()
   at System.ServiceProcess.ServiceController.get_ServiceName()
   at System.ServiceProcess.ServiceController.GenerateStatus()
   at System.ServiceProcess.ServiceController.get_Status()
   at LoadDropDown.Services._Check(String Service_Name, String ComputerName) in D:\Libraries\Documents\GitHub\Services\LoadDropDown\LoadDropDown\Classes\Services.vb:line 44Line:   at System.ServiceProcess.ServiceController.GenerateNames()
   at System.ServiceProcess.ServiceController.get_ServiceName()
   at System.ServiceProcess.ServiceController.GenerateStatus()
   at System.ServiceProcess.ServiceController.get_Status()
   at LoadDropDown.Services._Check(String Service_Name, String ComputerName) in D:\Libraries\Documents\GitHub\Services\LoadDropDown\LoadDropDown\Classes\Services.vb:line 44

******************************** Services 1.0.0.0 ********************************
10-24-2017 16:08:31
System.InvalidOperationException: Service test3 was not found on computer '20-0003'. ---> System.ComponentModel.Win32Exception: The specified service does not exist as an installed service
   --- End of inner exception stack trace ---
   at System.ServiceProcess.ServiceController.GenerateNames()
   at System.ServiceProcess.ServiceController.get_ServiceName()
   at System.ServiceProcess.ServiceController.GenerateStatus()
   at System.ServiceProcess.ServiceController.get_Status()
   at LoadDropDown.Services._Check(String Service_Name, String ComputerName) in D:\Libraries\Documents\GitHub\Services\LoadDropDown\LoadDropDown\Classes\Services.vb:line 44Line:   at System.ServiceProcess.ServiceController.GenerateNames()
   at System.ServiceProcess.ServiceController.get_ServiceName()
   at System.ServiceProcess.ServiceController.GenerateStatus()
   at System.ServiceProcess.ServiceController.get_Status()
   at LoadDropDown.Services._Check(String Service_Name, String ComputerName) in D:\Libraries\Documents\GitHub\Services\LoadDropDown\LoadDropDown\Classes\Services.vb:line 44

******************************** Services 1.0.0.0 ********************************
10-24-2017 16:14:35
System.InvalidOperationException: Service test3 was not found on computer '20-0003'. ---> System.ComponentModel.Win32Exception: The specified service does not exist as an installed service
   --- End of inner exception stack trace ---
   at System.ServiceProcess.ServiceController.GenerateNames()
   at System.ServiceProcess.ServiceController.get_ServiceName()
   at System.ServiceProcess.ServiceController.GenerateStatus()
   at System.ServiceProcess.ServiceController.get_Status()
   at LoadDropDown.Services._Check(String Service_Name, String ComputerName) in D:\Libraries\Documents\GitHub\Services\LoadDropDown\LoadDropDown\Classes\Services.vb:line 44Line:   at System.ServiceProcess.ServiceController.GenerateNames()
   at System.ServiceProcess.ServiceController.get_ServiceName()
   at System.ServiceProcess.ServiceController.GenerateStatus()
   at System.ServiceProcess.ServiceController.get_Status()
   at LoadDropDown.Services._Check(String Service_Name, String ComputerName) in D:\Libraries\Documents\GitHub\Services\LoadDropDown\LoadDropDown\Classes\Services.vb:line 44

******************************** Services 1.0.0.0 ********************************
10-24-2017 16:16:40
System.InvalidOperationException: Service test3 was not found on computer '20-0003'. ---> System.ComponentModel.Win32Exception: The specified service does not exist as an installed service
   --- End of inner exception stack trace ---
   at System.ServiceProcess.ServiceController.GenerateNames()
   at System.ServiceProcess.ServiceController.get_ServiceName()
   at System.ServiceProcess.ServiceController.GenerateStatus()
   at System.ServiceProcess.ServiceController.get_Status()
   at LoadDropDown.Services._Check(String Service_Name, String ComputerName) in D:\Libraries\Documents\GitHub\Services\LoadDropDown\LoadDropDown\Classes\Services.vb:line 44Line:   at System.ServiceProcess.ServiceController.GenerateNames()
   at System.ServiceProcess.ServiceController.get_ServiceName()
   at System.ServiceProcess.ServiceController.GenerateStatus()
   at System.ServiceProcess.ServiceController.get_Status()
   at LoadDropDown.Services._Check(String Service_Name, String ComputerName) in D:\Libraries\Documents\GitHub\Services\LoadDropDown\LoadDropDown\Classes\Services.vb:line 44

******************************** Services 1.0.0.0 ********************************
10-24-2017 16:17:43
System.InvalidOperationException: Service test3 was not found on computer '20-0003'. ---> System.ComponentModel.Win32Exception: The specified service does not exist as an installed service
   --- End of inner exception stack trace ---
   at System.ServiceProcess.ServiceController.GenerateNames()
   at System.ServiceProcess.ServiceController.get_ServiceName()
   at System.ServiceProcess.ServiceController.GenerateStatus()
   at System.ServiceProcess.ServiceController.get_Status()
   at LoadDropDown.Services._Check(String Service_Name, String ComputerName) in D:\Libraries\Documents\GitHub\Services\LoadDropDown\LoadDropDown\Classes\Services.vb:line 44Line:   at System.ServiceProcess.ServiceController.GenerateNames()
   at System.ServiceProcess.ServiceController.get_ServiceName()
   at System.ServiceProcess.ServiceController.GenerateStatus()
   at System.ServiceProcess.ServiceController.get_Status()
   at LoadDropDown.Services._Check(String Service_Name, String ComputerName) in D:\Libraries\Documents\GitHub\Services\LoadDropDown\LoadDropDown\Classes\Services.vb:line 44

******************************** Services 1.0.0.0 ********************************
10-24-2017 16:18:19
System.InvalidOperationException: Service test3 was not found on computer '20-0003'. ---> System.ComponentModel.Win32Exception: The specified service does not exist as an installed service
   --- End of inner exception stack trace ---
   at System.ServiceProcess.ServiceController.GenerateNames()
   at System.ServiceProcess.ServiceController.get_ServiceName()
   at System.ServiceProcess.ServiceController.GenerateStatus()
   at System.ServiceProcess.ServiceController.get_Status()
   at LoadDropDown.Services._Check(String Service_Name, String ComputerName) in D:\Libraries\Documents\GitHub\Services\LoadDropDown\LoadDropDown\Classes\Services.vb:line 44Line:   at System.ServiceProcess.ServiceController.GenerateNames()
   at System.ServiceProcess.ServiceController.get_ServiceName()
   at System.ServiceProcess.ServiceController.GenerateStatus()
   at System.ServiceProcess.ServiceController.get_Status()
   at LoadDropDown.Services._Check(String Service_Name, String ComputerName) in D:\Libraries\Documents\GitHub\Services\LoadDropDown\LoadDropDown\Classes\Services.vb:line 44

******************************** Services 1.0.0.0 ********************************
10-24-2017 16:19:41
System.InvalidOperationException: Service test3 was not found on computer '20-0003'. ---> System.ComponentModel.Win32Exception: The specified service does not exist as an installed service
   --- End of inner exception stack trace ---
   at System.ServiceProcess.ServiceController.GenerateNames()
   at System.ServiceProcess.ServiceController.get_ServiceName()
   at System.ServiceProcess.ServiceController.GenerateStatus()
   at System.ServiceProcess.ServiceController.get_Status()
   at LoadDropDown.Services._Check(String Service_Name, String ComputerName) in D:\Libraries\Documents\GitHub\Services\LoadDropDown\LoadDropDown\Classes\Services.vb:line 44Line:   at System.ServiceProcess.ServiceController.GenerateNames()
   at System.ServiceProcess.ServiceController.get_ServiceName()
   at System.ServiceProcess.ServiceController.GenerateStatus()
   at System.ServiceProcess.ServiceController.get_Status()
   at LoadDropDown.Services._Check(String Service_Name, String ComputerName) in D:\Libraries\Documents\GitHub\Services\LoadDropDown\LoadDropDown\Classes\Services.vb:line 44

******************************** Services 1.0.0.0 ********************************
10-24-2017 16:20:57
System.InvalidOperationException: Service Store_Combo was not found on computer '20-0003'. ---> System.ComponentModel.Win32Exception: The specified service does not exist as an installed service
   --- End of inner exception stack trace ---
   at System.ServiceProcess.ServiceController.GenerateNames()
   at System.ServiceProcess.ServiceController.get_ServiceName()
   at System.ServiceProcess.ServiceController.GenerateStatus()
   at System.ServiceProcess.ServiceController.get_Status()
   at LoadDropDown.Services._Check(String Service_Name, String ComputerName) in D:\Libraries\Documents\GitHub\Services\LoadDropDown\LoadDropDown\Classes\Services.vb:line 44Line:   at System.ServiceProcess.ServiceController.GenerateNames()
   at System.ServiceProcess.ServiceController.get_ServiceName()
   at System.ServiceProcess.ServiceController.GenerateStatus()
   at System.ServiceProcess.ServiceController.get_Status()
   at LoadDropDown.Services._Check(String Service_Name, String ComputerName) in D:\Libraries\Documents\GitHub\Services\LoadDropDown\LoadDropDown\Classes\Services.vb:line 44

******************************** Services 1.0.0.0 ********************************
10-24-2017 16:20:58
System.InvalidOperationException: Service tabernak was not found on computer '20-0003'. ---> System.ComponentModel.Win32Exception: The specified service does not exist as an installed service
   --- End of inner exception stack trace ---
   at System.ServiceProcess.ServiceController.GenerateNames()
   at System.ServiceProcess.ServiceController.get_ServiceName()
   at System.ServiceProcess.ServiceController.GenerateStatus()
   at System.ServiceProcess.ServiceController.get_Status()
   at LoadDropDown.Services._Check(String Service_Name, String ComputerName) in D:\Libraries\Documents\GitHub\Services\LoadDropDown\LoadDropDown\Classes\Services.vb:line 44Line:   at System.ServiceProcess.ServiceController.GenerateNames()
   at System.ServiceProcess.ServiceController.get_ServiceName()
   at System.ServiceProcess.ServiceController.GenerateStatus()
   at System.ServiceProcess.ServiceController.get_Status()
   at LoadDropDown.Services._Check(String Service_Name, String ComputerName) in D:\Libraries\Documents\GitHub\Services\LoadDropDown\LoadDropDown\Classes\Services.vb:line 44

******************************** Services 1.0.0.0 ********************************
10-24-2017 16:20:59
System.InvalidOperationException: Service a new service was not found on computer '20-0003'. ---> System.ComponentModel.Win32Exception: The specified service does not exist as an installed service
   --- End of inner exception stack trace ---
   at System.ServiceProcess.ServiceController.GenerateNames()
   at System.ServiceProcess.ServiceController.get_ServiceName()
   at System.ServiceProcess.ServiceController.GenerateStatus()
   at System.ServiceProcess.ServiceController.get_Status()
   at LoadDropDown.Services._Check(String Service_Name, String ComputerName) in D:\Libraries\Documents\GitHub\Services\LoadDropDown\LoadDropDown\Classes\Services.vb:line 44Line:   at System.ServiceProcess.ServiceController.GenerateNames()
   at System.ServiceProcess.ServiceController.get_ServiceName()
   at System.ServiceProcess.ServiceController.GenerateStatus()
   at System.ServiceProcess.ServiceController.get_Status()
   at LoadDropDown.Services._Check(String Service_Name, String ComputerName) in D:\Libraries\Documents\GitHub\Services\LoadDropDown\LoadDropDown\Classes\Services.vb:line 44

******************************** Services 1.0.0.0 ********************************
10-24-2017 16:21:00
System.InvalidOperationException: Service Store_Combo was not found on computer '20-0003'. ---> System.ComponentModel.Win32Exception: The specified service does not exist as an installed service
   --- End of inner exception stack trace ---
   at System.ServiceProcess.ServiceController.GenerateNames()
   at System.ServiceProcess.ServiceController.get_ServiceName()
   at System.ServiceProcess.ServiceController.GenerateStatus()
   at System.ServiceProcess.ServiceController.get_Status()
   at LoadDropDown.Services._Check(String Service_Name, String ComputerName) in D:\Libraries\Documents\GitHub\Services\LoadDropDown\LoadDropDown\Classes\Services.vb:line 44Line:   at System.ServiceProcess.ServiceController.GenerateNames()
   at System.ServiceProcess.ServiceController.get_ServiceName()
   at System.ServiceProcess.ServiceController.GenerateStatus()
   at System.ServiceProcess.ServiceController.get_Status()
   at LoadDropDown.Services._Check(String Service_Name, String ComputerName) in D:\Libraries\Documents\GitHub\Services\LoadDropDown\LoadDropDown\Classes\Services.vb:line 44

******************************** Services 1.0.0.0 ********************************
10-24-2017 16:21:01
System.InvalidOperationException: Service Store_ComboVersion was not found on computer '20-0003'. ---> System.ComponentModel.Win32Exception: The specified service does not exist as an installed service
   --- End of inner exception stack trace ---
   at System.ServiceProcess.ServiceController.GenerateNames()
   at System.ServiceProcess.ServiceController.get_ServiceName()
   at System.ServiceProcess.ServiceController.GenerateStatus()
   at System.ServiceProcess.ServiceController.get_Status()
   at LoadDropDown.Services._Check(String Service_Name, String ComputerName) in D:\Libraries\Documents\GitHub\Services\LoadDropDown\LoadDropDown\Classes\Services.vb:line 44Line:   at System.ServiceProcess.ServiceController.GenerateNames()
   at System.ServiceProcess.ServiceController.get_ServiceName()
   at System.ServiceProcess.ServiceController.GenerateStatus()
   at System.ServiceProcess.ServiceController.get_Status()
   at LoadDropDown.Services._Check(String Service_Name, String ComputerName) in D:\Libraries\Documents\GitHub\Services\LoadDropDown\LoadDropDown\Classes\Services.vb:line 44

******************************** Services 1.0.0.0 ********************************
10-24-2017 16:21:01
System.InvalidOperationException: Service Store_MenuItem was not found on computer '20-0003'. ---> System.ComponentModel.Win32Exception: The specified service does not exist as an installed service
   --- End of inner exception stack trace ---
   at System.ServiceProcess.ServiceController.GenerateNames()
   at System.ServiceProcess.ServiceController.get_ServiceName()
   at System.ServiceProcess.ServiceController.GenerateStatus()
   at System.ServiceProcess.ServiceController.get_Status()
   at LoadDropDown.Services._Check(String Service_Name, String ComputerName) in D:\Libraries\Documents\GitHub\Services\LoadDropDown\LoadDropDown\Classes\Services.vb:line 44Line:   at System.ServiceProcess.ServiceController.GenerateNames()
   at System.ServiceProcess.ServiceController.get_ServiceName()
   at System.ServiceProcess.ServiceController.GenerateStatus()
   at System.ServiceProcess.ServiceController.get_Status()
   at LoadDropDown.Services._Check(String Service_Name, String ComputerName) in D:\Libraries\Documents\GitHub\Services\LoadDropDown\LoadDropDown\Classes\Services.vb:line 44

******************************** Services 1.0.0.0 ********************************
10-24-2017 16:21:01
System.InvalidOperationException: Service tabernak was not found on computer '20-0003'. ---> System.ComponentModel.Win32Exception: The specified service does not exist as an installed service
   --- End of inner exception stack trace ---
   at System.ServiceProcess.ServiceController.GenerateNames()
   at System.ServiceProcess.ServiceController.get_ServiceName()
   at System.ServiceProcess.ServiceController.GenerateStatus()
   at System.ServiceProcess.ServiceController.get_Status()
   at LoadDropDown.Services._Check(String Service_Name, String ComputerName) in D:\Libraries\Documents\GitHub\Services\LoadDropDown\LoadDropDown\Classes\Services.vb:line 44Line:   at System.ServiceProcess.ServiceController.GenerateNames()
   at System.ServiceProcess.ServiceController.get_ServiceName()
   at System.ServiceProcess.ServiceController.GenerateStatus()
   at System.ServiceProcess.ServiceController.get_Status()
   at LoadDropDown.Services._Check(String Service_Name, String ComputerName) in D:\Libraries\Documents\GitHub\Services\LoadDropDown\LoadDropDown\Classes\Services.vb:line 44

******************************** Services 1.0.0.0 ********************************
10-24-2017 16:21:24
System.InvalidOperationException: Service Store_ComboVersion was not found on computer '20-0003'. ---> System.ComponentModel.Win32Exception: The specified service does not exist as an installed service
   --- End of inner exception stack trace ---
   at System.ServiceProcess.ServiceController.GenerateNames()
   at System.ServiceProcess.ServiceController.get_ServiceName()
   at System.ServiceProcess.ServiceController.GenerateStatus()
   at System.ServiceProcess.ServiceController.get_Status()
   at LoadDropDown.Services._Check(String Service_Name, String ComputerName) in D:\Libraries\Documents\GitHub\Services\LoadDropDown\LoadDropDown\Classes\Services.vb:line 44Line:   at System.ServiceProcess.ServiceController.GenerateNames()
   at System.ServiceProcess.ServiceController.get_ServiceName()
   at System.ServiceProcess.ServiceController.GenerateStatus()
   at System.ServiceProcess.ServiceController.get_Status()
   at LoadDropDown.Services._Check(String Service_Name, String ComputerName) in D:\Libraries\Documents\GitHub\Services\LoadDropDown\LoadDropDown\Classes\Services.vb:line 44

******************************** Services 1.0.0.0 ********************************
10-24-2017 16:21:33
System.InvalidOperationException: Service a new service was not found on computer '20-0003'. ---> System.ComponentModel.Win32Exception: The specified service does not exist as an installed service
   --- End of inner exception stack trace ---
   at System.ServiceProcess.ServiceController.GenerateNames()
   at System.ServiceProcess.ServiceController.get_ServiceName()
   at System.ServiceProcess.ServiceController.GenerateStatus()
   at System.ServiceProcess.ServiceController.get_Status()
   at LoadDropDown.Services._Check(String Service_Name, String ComputerName) in D:\Libraries\Documents\GitHub\Services\LoadDropDown\LoadDropDown\Classes\Services.vb:line 44Line:   at System.ServiceProcess.ServiceController.GenerateNames()
   at System.ServiceProcess.ServiceController.get_ServiceName()
   at System.ServiceProcess.ServiceController.GenerateStatus()
   at System.ServiceProcess.ServiceController.get_Status()
   at LoadDropDown.Services._Check(String Service_Name, String ComputerName) in D:\Libraries\Documents\GitHub\Services\LoadDropDown\LoadDropDown\Classes\Services.vb:line 44

******************************** Services 1.0.0.0 ********************************
10-24-2017 16:21:34
System.InvalidOperationException: Service Store_MenuItem was not found on computer '20-0003'. ---> System.ComponentModel.Win32Exception: The specified service does not exist as an installed service
   --- End of inner exception stack trace ---
   at System.ServiceProcess.ServiceController.GenerateNames()
   at System.ServiceProcess.ServiceController.get_ServiceName()
   at System.ServiceProcess.ServiceController.GenerateStatus()
   at System.ServiceProcess.ServiceController.get_Status()
   at LoadDropDown.Services._Check(String Service_Name, String ComputerName) in D:\Libraries\Documents\GitHub\Services\LoadDropDown\LoadDropDown\Classes\Services.vb:line 44Line:   at System.ServiceProcess.ServiceController.GenerateNames()
   at System.ServiceProcess.ServiceController.get_ServiceName()
   at System.ServiceProcess.ServiceController.GenerateStatus()
   at System.ServiceProcess.ServiceController.get_Status()
   at LoadDropDown.Services._Check(String Service_Name, String ComputerName) in D:\Libraries\Documents\GitHub\Services\LoadDropDown\LoadDropDown\Classes\Services.vb:line 44

******************************** Services 1.0.0.0 ********************************
10-24-2017 16:21:35
System.InvalidOperationException: Service Store_ItemReference was not found on computer '20-0003'. ---> System.ComponentModel.Win32Exception: The specified service does not exist as an installed service
   --- End of inner exception stack trace ---
   at System.ServiceProcess.ServiceController.GenerateNames()
   at System.ServiceProcess.ServiceController.get_ServiceName()
   at System.ServiceProcess.ServiceController.GenerateStatus()
   at System.ServiceProcess.ServiceController.get_Status()
   at LoadDropDown.Services._Check(String Service_Name, String ComputerName) in D:\Libraries\Documents\GitHub\Services\LoadDropDown\LoadDropDown\Classes\Services.vb:line 44Line:   at System.ServiceProcess.ServiceController.GenerateNames()
   at System.ServiceProcess.ServiceController.get_ServiceName()
   at System.ServiceProcess.ServiceController.GenerateStatus()
   at System.ServiceProcess.ServiceController.get_Status()
   at LoadDropDown.Services._Check(String Service_Name, String ComputerName) in D:\Libraries\Documents\GitHub\Services\LoadDropDown\LoadDropDown\Classes\Services.vb:line 44

******************************** Services 1.0.0.0 ********************************
10-24-2017 16:21:36
System.InvalidOperationException: Service Store_Combo was not found on computer '20-0003'. ---> System.ComponentModel.Win32Exception: The specified service does not exist as an installed service
   --- End of inner exception stack trace ---
   at System.ServiceProcess.ServiceController.GenerateNames()
   at System.ServiceProcess.ServiceController.get_ServiceName()
   at System.ServiceProcess.ServiceController.GenerateStatus()
   at System.ServiceProcess.ServiceController.get_Status()
   at LoadDropDown.Services._Check(String Service_Name, String ComputerName) in D:\Libraries\Documents\GitHub\Services\LoadDropDown\LoadDropDown\Classes\Services.vb:line 44Line:   at System.ServiceProcess.ServiceController.GenerateNames()
   at System.ServiceProcess.ServiceController.get_ServiceName()
   at System.ServiceProcess.ServiceController.GenerateStatus()
   at System.ServiceProcess.ServiceController.get_Status()
   at LoadDropDown.Services._Check(String Service_Name, String ComputerName) in D:\Libraries\Documents\GitHub\Services\LoadDropDown\LoadDropDown\Classes\Services.vb:line 44

